<?xml version="1.0" encoding="UTF-8"?>
<!-- Generated by org.testng.reporters.JUnitXMLReporter -->
<testsuite ignored="0" hostname="LAPTOP-QGMB7H0T" failures="1" tests="1" name="Test" time="0.224" errors="0" timestamp="2020-06-17T22:32:33 IST">
  <testcase classname="Demo.browser" name="Browser" time="0.134">
    <failure type="java.lang.IllegalStateException" message="The driver executable is a directory: C:\selenium jars\chromedriver_win32">
      <![CDATA[java.lang.IllegalStateException: The driver executable is a directory: C:\selenium jars\chromedriver_win32
at com.google.common.base.Preconditions.checkState(Preconditions.java:585)
at org.openqa.selenium.remote.service.DriverService.checkExecutable(DriverService.java:148)
at org.openqa.selenium.remote.service.DriverService.findExecutable(DriverService.java:141)
at org.openqa.selenium.chrome.ChromeDriverService.access$000(ChromeDriverService.java:35)
at org.openqa.selenium.chrome.ChromeDriverService$Builder.findDefaultExecutable(ChromeDriverService.java:159)
at org.openqa.selenium.remote.service.DriverService$Builder.build(DriverService.java:355)
at org.openqa.selenium.chrome.ChromeDriverService.createDefaultService(ChromeDriverService.java:94)
at org.openqa.selenium.chrome.ChromeDriver.<init>(ChromeDriver.java:123)
at Demo.browser.Browser(browser.java:11)
at java.base/java.util.ArrayList.forEach(ArrayList.java:1540)
... Removed 27 stack frames]]>
    </failure>
  </testcase> <!-- Browser -->
</testsuite> <!-- Test -->
