<?xml version="1.0" encoding="UTF-8"?>
<testng-results ignored="0" total="2" passed="2" failed="0" skipped="0">
  <reporter-output>
  </reporter-output>
  <suite started-at="2020-06-12T09:01:01 IST" name="Suite" finished-at="2020-06-12T09:01:01 IST" duration-ms="119">
    <groups>
    </groups>
    <test started-at="2020-06-12T09:01:01 IST" name="Test" finished-at="2020-06-12T09:01:01 IST" duration-ms="119">
      <class name="Demo.CarTest">
        <test-method signature="Air()[pri:0, instance:Demo.CarTest@41a2befb]" started-at="2020-06-12T09:01:01 IST" name="Air" finished-at="2020-06-12T09:01:01 IST" duration-ms="9" status="PASS">
          <reporter-output>
          </reporter-output>
        </test-method> <!-- Air -->
        <test-method signature="plane()[pri:0, instance:Demo.CarTest@41a2befb]" started-at="2020-06-12T09:01:01 IST" name="plane" finished-at="2020-06-12T09:01:01 IST" duration-ms="1" status="PASS">
          <reporter-output>
          </reporter-output>
        </test-method> <!-- plane -->
      </class> <!-- Demo.CarTest -->
    </test> <!-- Test -->
  </suite> <!-- Suite -->
</testng-results>
